2024-04-03 14:50:51,260 - WARNING -  * Debugger is active!
2024-04-03 14:50:51,262 - INFO -  * Debugger PIN: 118-612-875
2024-04-03 14:50:51,932 - WARNING -  * Debugger is active!
2024-04-03 14:50:51,934 - INFO -  * Debugger PIN: 118-612-875
2024-04-03 14:50:54,121 - INFO - 127.0.0.1 - - [03/Apr/2024 14:50:54] "GET / HTTP/1.1" 200 -
2024-04-03 14:51:13,070 - ERROR - Error fetching security rules: 1146 (42S02): Table 'portal.securityrules' doesn't exist
2024-04-03 14:51:13,072 - INFO - 127.0.0.1 - - [03/Apr/2024 14:51:13] "GET /security_rules HTTP/1.1" 200 -
2024-04-03 14:51:24,446 - ERROR - Error fetching security rules: 1146 (42S02): Table 'portal.securityrules' doesn't exist
2024-04-03 14:51:24,447 - INFO - 127.0.0.1 - - [03/Apr/2024 14:51:24] "GET /security_rules HTTP/1.1" 200 -
2024-04-03 14:51:24,676 - INFO -  * Detected change in 'C:\\Users\\ldh90\\PycharmProjects\\ldh901024\\Web\\app.py', reloading
2024-04-03 14:51:24,933 - INFO -  * Detected change in 'C:\\Users\\ldh90\\PycharmProjects\\ldh901024\\Web\\app.py', reloading
2024-04-03 15:05:43,156 - WARNING -  * Debugger is active!
2024-04-03 15:05:43,159 - INFO -  * Debugger PIN: 118-612-875
2024-04-03 15:05:43,159 - INFO -  * Debugger PIN: 118-612-875
2024-04-03 15:05:43,186 - INFO - error test
2024-04-03 15:05:43,186 - INFO - error
2024-04-03 15:05:43,278 - ERROR - Error fetching security rules: [Errno 22] Invalid argument
2024-04-03 15:05:43,283 - INFO - 127.0.0.1 - - [03/Apr/2024 15:05:43] "GET /security_rules HTTP/1.1" 200 -
2024-04-03 15:06:42,414 - INFO -  * Detected change in 'C:\\Users\\ldh90\\PycharmProjects\\ldh901024\\Web\\app.py', reloading
2024-04-03 15:06:42,423 - INFO -  * Detected change in 'C:\\Users\\ldh90\\PycharmProjects\\ldh901024\\Web\\app.py', reloading
2024-04-03 15:06:42,831 - WARNING -  * Debugger is active!
2024-04-03 15:06:42,832 - WARNING -  * Debugger is active!
2024-04-03 15:06:42,834 - INFO -  * Debugger PIN: 118-612-875
2024-04-03 15:06:42,834 - INFO -  * Debugger PIN: 118-612-875
2024-04-03 15:06:42,966 - INFO - 127.0.0.1 - - [03/Apr/2024 15:06:42] "GET /security_rules HTTP/1.1" 200 -
2024-04-03 15:08:19,966 - INFO -  * Detected change in 'C:\\Users\\ldh90\\PycharmProjects\\ldh901024\\Web\\app.py', reloading
2024-04-03 15:08:19,971 - INFO -  * Detected change in 'C:\\Users\\ldh90\\PycharmProjects\\ldh901024\\Web\\app.py', reloading
2024-04-03 15:08:20,420 - WARNING -  * Debugger is active!
2024-04-03 15:08:20,423 - INFO -  * Debugger PIN: 118-612-875
2024-04-03 15:08:20,436 - WARNING -  * Debugger is active!
2024-04-03 15:08:20,440 - INFO -  * Debugger PIN: 118-612-875
2024-04-03 15:08:23,914 - INFO - 127.0.0.1 - - [03/Apr/2024 15:08:23] "GET /security_rules HTTP/1.1" 200 -
2024-04-03 15:08:41,341 - INFO - 127.0.0.1 - - [03/Apr/2024 15:08:41] "[32mPOST /add_rule HTTP/1.1[0m" 302 -
2024-04-03 15:08:41,352 - INFO - 127.0.0.1 - - [03/Apr/2024 15:08:41] "GET /security_rules HTTP/1.1" 200 -
2024-04-03 15:08:43,832 - INFO - 127.0.0.1 - - [03/Apr/2024 15:08:43] "GET /security_rules HTTP/1.1" 200 -
2024-04-03 15:10:17,758 - INFO -  * Detected change in 'C:\\Users\\ldh90\\PycharmProjects\\ldh901024\\Web\\app.py', reloading
2024-04-03 15:10:18,149 - WARNING -  * Debugger is active!
2024-04-03 15:10:18,151 - INFO -  * Debugger PIN: 118-612-875
2024-04-03 15:10:18,181 - INFO -  * Detected change in 'C:\\Users\\ldh90\\PycharmProjects\\ldh901024\\Web\\app.py', reloading
2024-04-03 15:10:18,536 - WARNING -  * Debugger is active!
2024-04-03 15:10:18,539 - INFO -  * Debugger PIN: 118-612-875
2024-04-03 15:10:20,730 - INFO - 127.0.0.1 - - [03/Apr/2024 15:10:20] "GET /security_rules HTTP/1.1" 200 -
2024-04-03 15:10:26,824 - INFO - 127.0.0.1 - - [03/Apr/2024 15:10:26] "GET /edit_rule/2 HTTP/1.1" 200 -
2024-04-03 15:10:30,672 - INFO - 127.0.0.1 - - [03/Apr/2024 15:10:30] "[32mPOST /update_rule/2 HTTP/1.1[0m" 302 -
2024-04-03 15:10:30,685 - INFO - 127.0.0.1 - - [03/Apr/2024 15:10:30] "GET /security_rules HTTP/1.1" 200 -
2024-04-03 15:11:02,383 - INFO - 127.0.0.1 - - [03/Apr/2024 15:11:02] "[35m[1mGET /security_rules HTTP/1.1[0m" 500 -
2024-04-03 15:11:02,392 - ERROR - Error on request:
Traceback (most recent call last):
  File "C:\Users\ldh90\PycharmProjects\ldh901024\venv\Lib\site-packages\werkzeug\debug\__init__.py", line 330, in debug_application
    app_iter = self.app(environ, start_response)
               ^^^^^^^^^^^^^^^^^^^^^^^^^^^^^^^^^
  File "C:\Users\ldh90\PycharmProjects\ldh901024\venv\Lib\site-packages\flask\app.py", line 1488, in __call__
    return self.wsgi_app(environ, start_response)
           ^^^^^^^^^^^^^^^^^^^^^^^^^^^^^^^^^^^^^^
  File "C:\Users\ldh90\PycharmProjects\ldh901024\venv\Lib\site-packages\flask\app.py", line 1466, in wsgi_app
    response = self.handle_exception(e)
               ^^^^^^^^^^^^^^^^^^^^^^^^
  File "C:\Users\ldh90\PycharmProjects\ldh901024\venv\Lib\site-packages\flask\app.py", line 1463, in wsgi_app
    response = self.full_dispatch_request()
               ^^^^^^^^^^^^^^^^^^^^^^^^^^^^
  File "C:\Users\ldh90\PycharmProjects\ldh901024\venv\Lib\site-packages\flask\app.py", line 872, in full_dispatch_request
    rv = self.handle_user_exception(e)
         ^^^^^^^^^^^^^^^^^^^^^^^^^^^^^
  File "C:\Users\ldh90\PycharmProjects\ldh901024\venv\Lib\site-packages\flask\app.py", line 870, in full_dispatch_request
    rv = self.dispatch_request()
         ^^^^^^^^^^^^^^^^^^^^^^^
  File "C:\Users\ldh90\PycharmProjects\ldh901024\venv\Lib\site-packages\flask\app.py", line 855, in dispatch_request
    return self.ensure_sync(self.view_functions[rule.endpoint])(**view_args)  # type: ignore[no-any-return]
           ^^^^^^^^^^^^^^^^^^^^^^^^^^^^^^^^^^^^^^^^^^^^^^^^^^^^^^^^^^^^^^^^^^^^^^^^^^^^^^^^^^^^^^^^^^^^^^^^
  File "C:\Users\ldh90\PycharmProjects\ldh901024\Web\app.py", line 158, in security_rules
    return render_template('security_rules.html', rules=rules)
           ^^^^^^^^^^^^^^^^^^^^^^^^^^^^^^^^^^^^^^^^^^^^^^^^^^^
  File "C:\Users\ldh90\PycharmProjects\ldh901024\venv\Lib\site-packages\flask\templating.py", line 149, in render_template
    template = app.jinja_env.get_or_select_template(template_name_or_list)
               ^^^^^^^^^^^^^^^^^^^^^^^^^^^^^^^^^^^^^^^^^^^^^^^^^^^^^^^^^^^
  File "C:\Users\ldh90\PycharmProjects\ldh901024\venv\Lib\site-packages\jinja2\environment.py", line 1081, in get_or_select_template
    return self.get_template(template_name_or_list, parent, globals)
           ^^^^^^^^^^^^^^^^^^^^^^^^^^^^^^^^^^^^^^^^^^^^^^^^^^^^^^^^^
  File "C:\Users\ldh90\PycharmProjects\ldh901024\venv\Lib\site-packages\jinja2\environment.py", line 1010, in get_template
    return self._load_template(name, globals)
           ^^^^^^^^^^^^^^^^^^^^^^^^^^^^^^^^^^
  File "C:\Users\ldh90\PycharmProjects\ldh901024\venv\Lib\site-packages\jinja2\environment.py", line 969, in _load_template
    template = self.loader.load(self, name, self.make_globals(globals))
               ^^^^^^^^^^^^^^^^^^^^^^^^^^^^^^^^^^^^^^^^^^^^^^^^^^^^^^^^
  File "C:\Users\ldh90\PycharmProjects\ldh901024\venv\Lib\site-packages\jinja2\loaders.py", line 137, in load
    code = environment.compile(source, name, filename)
           ^^^^^^^^^^^^^^^^^^^^^^^^^^^^^^^^^^^^^^^^^^^
  File "C:\Users\ldh90\PycharmProjects\ldh901024\venv\Lib\site-packages\jinja2\environment.py", line 768, in compile
    self.handle_exception(source=source_hint)
  File "C:\Users\ldh90\PycharmProjects\ldh901024\venv\Lib\site-packages\jinja2\environment.py", line 936, in handle_exception
    raise rewrite_traceback_stack(source=source)
  File "C:\Users\ldh90\PycharmProjects\ldh901024\Web\templates\security_rules.html", line 47, in template
    {% endblock %}
jinja2.exceptions.TemplateSyntaxError: Encountered unknown tag 'endblock'.

During handling of the above exception, another exception occurred:

Traceback (most recent call last):
  File "C:\Users\ldh90\PycharmProjects\ldh901024\venv\Lib\site-packages\werkzeug\serving.py", line 362, in run_wsgi
    execute(self.server.app)
  File "C:\Users\ldh90\PycharmProjects\ldh901024\venv\Lib\site-packages\werkzeug\serving.py", line 325, in execute
    for data in application_iter:
  File "C:\Users\ldh90\PycharmProjects\ldh901024\venv\Lib\site-packages\werkzeug\debug\__init__.py", line 365, in debug_application
    environ["wsgi.errors"].write("".join(tb.render_traceback_text()))
OSError: [Errno 22] Invalid argument
2024-04-03 15:11:02,607 - INFO - 127.0.0.1 - - [03/Apr/2024 15:11:02] "GET /security_rules?__debugger__=yes&cmd=resource&f=style.css HTTP/1.1" 200 -
2024-04-03 15:11:02,611 - INFO - 127.0.0.1 - - [03/Apr/2024 15:11:02] "[36mGET /security_rules?__debugger__=yes&cmd=resource&f=debugger.js HTTP/1.1[0m" 304 -
2024-04-03 15:11:02,631 - INFO - 127.0.0.1 - - [03/Apr/2024 15:11:02] "GET /security_rules?__debugger__=yes&cmd=resource&f=console.png HTTP/1.1" 200 -
2024-04-03 15:11:09,688 - INFO - 127.0.0.1 - - [03/Apr/2024 15:11:09] "GET /security_rules HTTP/1.1" 200 -
2024-04-03 15:11:20,859 - INFO - 127.0.0.1 - - [03/Apr/2024 15:11:20] "[32mPOST /add_rule HTTP/1.1[0m" 302 -
2024-04-03 15:11:20,869 - INFO - 127.0.0.1 - - [03/Apr/2024 15:11:20] "GET /security_rules HTTP/1.1" 200 -
2024-04-03 15:11:22,291 - INFO - 127.0.0.1 - - [03/Apr/2024 15:11:22] "GET /edit_rule/3 HTTP/1.1" 200 -
2024-04-03 15:11:23,737 - INFO - 127.0.0.1 - - [03/Apr/2024 15:11:23] "[32mPOST /update_rule/3 HTTP/1.1[0m" 302 -
2024-04-03 15:11:23,746 - INFO - 127.0.0.1 - - [03/Apr/2024 15:11:23] "GET /security_rules HTTP/1.1" 200 -
2024-04-03 15:12:49,113 - INFO -  * Detected change in 'C:\\Users\\ldh90\\PycharmProjects\\ldh901024\\Web\\app.py', reloading
2024-04-03 15:12:49,469 - WARNING -  * Debugger is active!
2024-04-03 15:12:49,471 - INFO -  * Debugger PIN: 118-612-875
2024-04-03 15:12:49,552 - INFO -  * Detected change in 'C:\\Users\\ldh90\\PycharmProjects\\ldh901024\\Web\\app.py', reloading
2024-04-03 15:12:49,900 - WARNING -  * Debugger is active!
2024-04-03 15:12:49,903 - INFO -  * Debugger PIN: 118-612-875
2024-04-03 15:12:53,176 - INFO - 127.0.0.1 - - [03/Apr/2024 15:12:53] "GET /security_rules HTTP/1.1" 200 -
2024-04-03 15:12:58,072 - INFO - 127.0.0.1 - - [03/Apr/2024 15:12:58] "[32mGET /delete_rule/3 HTTP/1.1[0m" 302 -
2024-04-03 15:12:58,084 - INFO - 127.0.0.1 - - [03/Apr/2024 15:12:58] "GET /security_rules HTTP/1.1" 200 -
2024-04-03 17:05:23,060 - INFO -  * Detected change in 'C:\\Users\\ldh90\\PycharmProjects\\ldh901024\\Web\\app.py', reloading
2024-04-03 17:05:23,728 - WARNING -  * Debugger is active!
2024-04-03 17:05:23,732 - INFO -  * Debugger PIN: 118-612-875
2024-04-03 17:06:16,920 - INFO -  * Detected change in 'C:\\Users\\ldh90\\PycharmProjects\\ldh901024\\Web\\app.py', reloading
2024-04-03 17:06:17,278 - WARNING -  * Debugger is active!
2024-04-03 17:06:17,282 - INFO -  * Debugger PIN: 118-612-875
2024-04-03 17:12:54,095 - INFO -  * Detected change in 'C:\\Users\\ldh90\\PycharmProjects\\ldh901024\\Web\\app.py', reloading
2024-04-03 17:12:54,426 - WARNING -  * Debugger is active!
2024-04-03 17:12:54,428 - INFO -  * Debugger PIN: 118-612-875
2024-04-03 17:14:22,916 - INFO - [31m[1mWARNING: This is a development server. Do not use it in a production deployment. Use a production WSGI server instead.[0m
 * Running on all addresses (0.0.0.0)
 * Running on http://127.0.0.1:5000
 * Running on http://172.16.21.140:5000
2024-04-03 17:14:22,916 - INFO - [33mPress CTRL+C to quit[0m
2024-04-03 17:14:22,917 - INFO -  * Restarting with stat
2024-04-03 17:14:23,215 - WARNING -  * Debugger is active!
2024-04-03 17:14:23,217 - INFO -  * Debugger PIN: 118-612-875
2024-04-03 17:15:03,539 - INFO - 127.0.0.1 - - [03/Apr/2024 17:15:03] "GET / HTTP/1.1" 200 -
2024-04-03 17:16:00,368 - INFO - 127.0.0.1 - - [03/Apr/2024 17:16:00] "GET / HTTP/1.1" 200 -
2024-04-03 17:16:15,192 - INFO - 127.0.0.1 - - [03/Apr/2024 17:16:15] "GET /security_rules HTTP/1.1" 200 -
2024-04-03 17:16:16,199 - INFO - 127.0.0.1 - - [03/Apr/2024 17:16:16] "GET /test HTTP/1.1" 200 -
2024-04-03 17:16:16,786 - INFO - 127.0.0.1 - - [03/Apr/2024 17:16:16] "GET / HTTP/1.1" 200 -
2024-04-03 17:19:11,832 - INFO - 127.0.0.1 - - [03/Apr/2024 17:19:11] "GET / HTTP/1.1" 200 -
2024-04-03 17:22:12,269 - INFO -  * Detected change in 'C:\\Users\\ldh90\\PycharmProjects\\ldh901024\\Web\\app.py', reloading
2024-04-03 17:22:12,604 - WARNING -  * Debugger is active!
2024-04-03 17:22:12,606 - INFO -  * Debugger PIN: 118-612-875
2024-04-03 17:22:25,872 - INFO - 127.0.0.1 - - [03/Apr/2024 17:22:25] "GET / HTTP/1.1" 200 -
2024-04-15 12:15:13,298 - INFO - [31m[1mWARNING: This is a development server. Do not use it in a production deployment. Use a production WSGI server instead.[0m
 * Running on all addresses (0.0.0.0)
 * Running on http://127.0.0.1:5000
 * Running on http://172.16.21.140:5000
2024-04-15 12:15:13,298 - INFO - [33mPress CTRL+C to quit[0m
2024-04-15 12:15:13,302 - INFO -  * Restarting with stat
2024-04-15 12:15:13,557 - WARNING -  * Debugger is active!
2024-04-15 12:15:13,559 - INFO -  * Debugger PIN: 202-462-502
2024-04-15 12:15:22,971 - INFO - 127.0.0.1 - - [15/Apr/2024 12:15:22] "[32mGET / HTTP/1.1[0m" 302 -
2024-04-15 12:15:22,989 - INFO - 127.0.0.1 - - [15/Apr/2024 12:15:22] "GET /login HTTP/1.1" 200 -
2024-04-15 12:15:23,227 - INFO - 127.0.0.1 - - [15/Apr/2024 12:15:23] "[33mGET /favicon.ico HTTP/1.1[0m" 404 -
2024-04-15 12:15:28,681 - INFO - 127.0.0.1 - - [15/Apr/2024 12:15:28] "POST /login HTTP/1.1" 200 -
2024-04-15 12:17:05,429 - INFO - 127.0.0.1 - - [15/Apr/2024 12:17:05] "[32mPOST /login HTTP/1.1[0m" 302 -
2024-04-15 12:17:05,521 - INFO - 127.0.0.1 - - [15/Apr/2024 12:17:05] "GET / HTTP/1.1" 200 -
2024-04-15 12:17:10,185 - INFO - 127.0.0.1 - - [15/Apr/2024 12:17:10] "GET /security_rules HTTP/1.1" 200 -
2024-04-15 12:17:12,252 - INFO - 127.0.0.1 - - [15/Apr/2024 12:17:12] "GET /edit_rule/1 HTTP/1.1" 200 -
2024-04-15 12:17:14,669 - INFO - 127.0.0.1 - - [15/Apr/2024 12:17:14] "[32mPOST /update_rule/1 HTTP/1.1[0m" 302 -
2024-04-15 12:17:14,687 - INFO - 127.0.0.1 - - [15/Apr/2024 12:17:14] "GET /security_rules HTTP/1.1" 200 -
2024-04-15 12:19:28,081 - INFO - 127.0.0.1 - - [15/Apr/2024 12:19:28] "GET /edit_rule/1 HTTP/1.1" 200 -
2024-04-15 12:19:32,985 - INFO - 127.0.0.1 - - [15/Apr/2024 12:19:32] "[32mPOST /update_rule/1 HTTP/1.1[0m" 302 -
2024-04-15 12:19:32,993 - INFO - 127.0.0.1 - - [15/Apr/2024 12:19:32] "GET /security_rules HTTP/1.1" 200 -
2024-04-15 12:21:59,936 - INFO -  * Detected change in 'C:\\Users\\ldh90\\PycharmProjects\\ldh901024\\Web\\app.py', reloading
2024-04-15 12:21:59,956 - INFO -  * Restarting with stat
2024-04-15 12:22:00,199 - WARNING -  * Debugger is active!
2024-04-15 12:22:00,202 - INFO -  * Debugger PIN: 202-462-502
2024-04-15 12:22:03,040 - INFO - [31m[1mWARNING: This is a development server. Do not use it in a production deployment. Use a production WSGI server instead.[0m
 * Running on all addresses (0.0.0.0)
 * Running on http://127.0.0.1:5000
 * Running on http://172.16.21.140:5000
2024-04-15 12:22:03,040 - INFO - [33mPress CTRL+C to quit[0m
2024-04-15 12:22:03,041 - INFO -  * Restarting with stat
2024-04-15 12:22:03,294 - WARNING -  * Debugger is active!
2024-04-15 12:22:03,295 - INFO -  * Debugger PIN: 202-462-502
2024-04-15 12:22:07,171 - INFO - 127.0.0.1 - - [15/Apr/2024 12:22:07] "GET /edit_rule/1 HTTP/1.1" 200 -
2024-04-15 12:22:11,062 - INFO - 127.0.0.1 - - [15/Apr/2024 12:22:11] "[32mPOST /update_rule/1 HTTP/1.1[0m" 302 -
2024-04-15 12:22:11,074 - INFO - 127.0.0.1 - - [15/Apr/2024 12:22:11] "GET /security_rules HTTP/1.1" 200 -
2024-04-15 12:23:02,729 - INFO -  * Detected change in 'C:\\Users\\ldh90\\PycharmProjects\\ldh901024\\Web\\app.py', reloading
2024-04-15 12:23:02,760 - INFO -  * Restarting with stat
2024-04-15 12:23:02,992 - WARNING -  * Debugger is active!
2024-04-15 12:23:02,993 - INFO -  * Debugger PIN: 202-462-502
2024-04-15 12:24:45,097 - INFO - [31m[1mWARNING: This is a development server. Do not use it in a production deployment. Use a production WSGI server instead.[0m
 * Running on all addresses (0.0.0.0)
 * Running on http://127.0.0.1:5000
 * Running on http://172.16.21.140:5000
2024-04-15 12:24:45,097 - INFO - [33mPress CTRL+C to quit[0m
2024-04-15 12:24:45,098 - INFO -  * Restarting with stat
2024-04-15 12:24:45,355 - WARNING -  * Debugger is active!
2024-04-15 12:24:45,357 - INFO -  * Debugger PIN: 202-462-502
2024-04-15 12:24:53,450 - INFO - 127.0.0.1 - - [15/Apr/2024 12:24:53] "GET /security_rules HTTP/1.1" 200 -
2024-04-15 12:24:55,573 - INFO - 127.0.0.1 - - [15/Apr/2024 12:24:55] "GET /edit_rule/1 HTTP/1.1" 200 -
2024-04-15 12:25:00,070 - INFO - 127.0.0.1 - - [15/Apr/2024 12:25:00] "[32mPOST /update_rule/1 HTTP/1.1[0m" 302 -
2024-04-15 12:25:00,084 - INFO - 127.0.0.1 - - [15/Apr/2024 12:25:00] "GET /security_rules HTTP/1.1" 200 -
